<?xml version="1.0" encoding="UTF-8"?>
<testsuite name="TelevisionTest" tests="3" skipped="0" failures="0" errors="0" timestamp="2015-12-03T16:46:30" hostname="Macubus" time="0.003">
  <properties/>
  <testcase name="testSettings" classname="TelevisionTest" time="0.002"/>
  <testcase name="isOffByDefault" classname="TelevisionTest" time="0.001"/>
  <testcase name="turnOnTurnsTheTvOn" classname="TelevisionTest" time="0.0"/>
  <system-out><![CDATA[]]></system-out>
  <system-err><![CDATA[]]></system-err>
</testsuite>
