<?xml version="1.0" encoding="UTF-8"?>
<testsuite name="YourClassTest" tests="1" skipped="0" failures="0" errors="0" timestamp="2015-12-03T16:46:30" hostname="Macubus" time="0.0">
  <properties/>
  <testcase name="methodName_ShouldDoSomething" classname="YourClassTest" time="0.0"/>
  <system-out><![CDATA[]]></system-out>
  <system-err><![CDATA[]]></system-err>
</testsuite>
