<?xml version="1.0" encoding="UTF-8"?>
<testsuite name="IsUniqueTest" tests="1" skipped="0" failures="0" errors="0" timestamp="2015-12-01T16:50:22" hostname="Macubus" time="0.001">
  <properties/>
  <testcase name="testUniqueness_ShouldReturnBooleans" classname="IsUniqueTest" time="0.001"/>
  <system-out><![CDATA[]]></system-out>
  <system-err><![CDATA[]]></system-err>
</testsuite>
